2024-02-27 18:53:15 - Starting C:\Program Files\nodejs\node.exe  --harmony C:\Users\hrive\Documents\Universidad\Servicio\ETL\api2.0\node_modules\node-windows\lib\wrapper.js --file C:\Users\hrive\Documents\Universidad\Servicio\ETL\api2.0\app.js --scriptoptions= --log "ELT Running wrapper" --grow 0.25 --wait 1 --maxrestarts 3 --abortonerror n --stopparentfirst undefined
2024-02-27 18:53:15 - Started 2016
2024-02-27 22:10:40 - Stopping eltrunning.exe
2024-02-27 22:10:40 - ProcessKill 2016
2024-02-27 22:10:40 - Found child process: 25412 Name: conhost.exe
2024-02-27 22:10:40 - Found child process: 11232 Name: node.exe
2024-02-27 22:10:41 - Stopping process 25412
2024-02-27 22:10:41 - Send SIGINT 25412
2024-02-27 22:10:41 - SIGINT to 25412 failed - Killing as fallback
2024-02-27 22:10:41 - Stopping process 11232
2024-02-27 22:10:41 - Send SIGINT 11232
2024-02-27 22:10:41 - SIGINT to 11232 failed - Killing as fallback
2024-02-27 22:10:41 - Stopping process 2016
2024-02-27 22:10:41 - Send SIGINT 2016
2024-02-27 22:10:41 - SIGINT to 2016 failed - Killing as fallback
2024-02-27 22:10:41 - Finished eltrunning.exe
2024-02-27 22:12:15 - Starting C:\Program Files\nodejs\node.exe  --harmony C:\Users\hrive\Documents\Universidad\Servicio\ETL\api2.0\node_modules\node-windows\lib\wrapper.js --file C:\Users\hrive\Documents\Universidad\Servicio\ETL\api2.0\app.js --scriptoptions= --log "ELT Running wrapper" --grow 0.25 --wait 1 --maxrestarts 3 --abortonerror n --stopparentfirst undefined
2024-02-27 22:12:15 - Started 17352
2024-02-27 22:12:34 - Stopping eltrunning.exe
2024-02-27 22:12:34 - ProcessKill 17352
2024-02-27 22:12:34 - Found child process: 3044 Name: conhost.exe
2024-02-27 22:12:34 - Found child process: 14536 Name: node.exe
2024-02-27 22:12:34 - Stopping process 3044
2024-02-27 22:12:34 - Send SIGINT 3044
2024-02-27 22:12:34 - SIGINT to 3044 failed - Killing as fallback
2024-02-27 22:12:35 - Stopping process 14536
2024-02-27 22:12:35 - Send SIGINT 14536
2024-02-27 22:12:35 - SIGINT to 14536 failed - Killing as fallback
2024-02-27 22:12:35 - Stopping process 17352
2024-02-27 22:12:35 - Send SIGINT 17352
2024-02-27 22:12:35 - SIGINT to 17352 failed - Killing as fallback
2024-02-27 22:12:35 - Finished eltrunning.exe
2024-02-27 22:12:36 - Starting C:\Program Files\nodejs\node.exe  --harmony C:\Users\hrive\Documents\Universidad\Servicio\ETL\api2.0\node_modules\node-windows\lib\wrapper.js --file C:\Users\hrive\Documents\Universidad\Servicio\ETL\api2.0\app.js --scriptoptions= --log "ELT Running wrapper" --grow 0.25 --wait 1 --maxrestarts 3 --abortonerror n --stopparentfirst undefined
2024-02-27 22:12:36 - Started 25932
2024-02-28 01:20:29 - Starting C:\Program Files\nodejs\node.exe  --harmony C:\Users\hrive\Documents\Universidad\Servicio\ETL\api2.0\node_modules\node-windows\lib\wrapper.js --file C:\Users\hrive\Documents\Universidad\Servicio\ETL\api2.0\app.js --scriptoptions= --log "ELT Running wrapper" --grow 0.25 --wait 1 --maxrestarts 3 --abortonerror n --stopparentfirst undefined
2024-02-28 01:20:29 - Started 7204
2024-04-12 17:16:33 - Starting C:\Program Files\nodejs\node.exe  --harmony C:\Users\hrive\Documents\Universidad\Servicio\ETL\api2.0\node_modules\node-windows\lib\wrapper.js --file C:\Users\hrive\Documents\Universidad\Servicio\ETL\api2.0\app.js --scriptoptions= --log "ELT Running wrapper" --grow 0.25 --wait 1 --maxrestarts 3 --abortonerror n --stopparentfirst undefined
2024-04-12 17:16:33 - Started 26428
2024-04-12 17:33:11 - Starting C:\Program Files\nodejs\node.exe  --harmony C:\Users\hrive\Documents\Universidad\Servicio\ETL\api2.0\node_modules\node-windows\lib\wrapper.js --file C:\Users\hrive\Documents\Universidad\Servicio\ETL\api2.0\app.js --scriptoptions= --log "ELT Running wrapper" --grow 0.25 --wait 1 --maxrestarts 3 --abortonerror n --stopparentfirst undefined
2024-04-12 17:33:11 - Started 24984
2024-05-15 04:17:34 - Starting C:\Program Files\nodejs\node.exe  --harmony C:\Users\hrive\Documents\Universidad\Servicio\ETL\api2.0\node_modules\node-windows\lib\wrapper.js --file C:\Users\hrive\Documents\Universidad\Servicio\ETL\api2.0\app.js --scriptoptions= --log "ELT Running wrapper" --grow 0.25 --wait 1 --maxrestarts 3 --abortonerror n --stopparentfirst undefined
2024-05-15 04:17:34 - Started 9204
